<?xml version="1.0" encoding="UTF-8"?>
<coverage generated="1737461768673" clover="3.2.0">
  <project timestamp="1737461768673" name="All files">
    <metrics statements="34" coveredstatements="24" conditionals="6" coveredconditionals="3" methods="11" coveredmethods="6" elements="51" coveredelements="33" complexity="0" loc="34" ncloc="34" packages="2" files="2" classes="2"/>
    <package name="queue">
      <metrics statements="15" coveredstatements="10" conditionals="0" coveredconditionals="0" methods="6" coveredmethods="3"/>
      <file name="queue.js" path="/Volumes/ssd-mac/dev/algoritimos-estrutura/src/data-structure/js/queue/queue.js">
        <metrics statements="15" coveredstatements="10" conditionals="0" coveredconditionals="0" methods="6" coveredmethods="3"/>
        <line num="3" count="4" type="stmt"/>
        <line num="4" count="4" type="stmt"/>
        <line num="5" count="4" type="stmt"/>
        <line num="9" count="4" type="stmt"/>
        <line num="10" count="4" type="stmt"/>
        <line num="14" count="3" type="stmt"/>
        <line num="15" count="3" type="stmt"/>
        <line num="17" count="3" type="stmt"/>
        <line num="19" count="3" type="stmt"/>
        <line num="23" count="0" type="stmt"/>
        <line num="27" count="0" type="stmt"/>
        <line num="31" count="0" type="stmt"/>
        <line num="32" count="0" type="stmt"/>
        <line num="33" count="0" type="stmt"/>
        <line num="37" count="1" type="stmt"/>
      </file>
    </package>
    <package name="queue.playground">
      <metrics statements="19" coveredstatements="14" conditionals="6" coveredconditionals="3" methods="5" coveredmethods="3"/>
      <file name="music.queue.js" path="/Volumes/ssd-mac/dev/algoritimos-estrutura/src/data-structure/js/queue/playground/music.queue.js">
        <metrics statements="19" coveredstatements="14" conditionals="6" coveredconditionals="3" methods="5" coveredmethods="3"/>
        <line num="1" count="1" type="stmt"/>
        <line num="2" count="1" type="stmt"/>
        <line num="6" count="3" type="stmt"/>
        <line num="8" count="3" type="cond" truecount="2" falsecount="0"/>
        <line num="10" count="2" type="stmt"/>
        <line num="11" count="2" type="stmt"/>
        <line num="12" count="2" type="stmt"/>
        <line num="14" count="2" type="stmt"/>
        <line num="15" count="0" type="stmt"/>
        <line num="16" count="0" type="stmt"/>
        <line num="21" count="1" type="cond" truecount="1" falsecount="1"/>
        <line num="22" count="1" type="stmt"/>
        <line num="23" count="1" type="stmt"/>
        <line num="25" count="0" type="stmt"/>
        <line num="30" count="2" type="stmt"/>
        <line num="31" count="0" type="cond" truecount="0" falsecount="2"/>
        <line num="32" count="0" type="stmt"/>
        <line num="36" count="2" type="stmt"/>
        <line num="40" count="1" type="stmt"/>
      </file>
    </package>
  </project>
</coverage>
