{"/Volumes/ssd-mac/dev/algoritimos-estrutura/src/data-structure/js/linkedlist/linkedlist.js": {"path":"/Volumes/ssd-mac/dev/algoritimos-estrutura/src/data-structure/js/linkedlist/linkedlist.js","statementMap":{"0":{"start":{"line":1,"column":16},"end":{"line":1,"column":43}},"1":{"start":{"line":2,"column":13},"end":{"line":2,"column":36}},"2":{"start":{"line":6,"column":4},"end":{"line":6,"column":27}},"3":{"start":{"line":7,"column":4},"end":{"line":7,"column":26}},"4":{"start":{"line":8,"column":4},"end":{"line":8,"column":19}},"5":{"start":{"line":12,"column":4},"end":{"line":21,"column":5}},"6":{"start":{"line":13,"column":6},"end":{"line":13,"column":36}},"7":{"start":{"line":15,"column":24},"end":{"line":15,"column":33}},"8":{"start":{"line":16,"column":6},"end":{"line":18,"column":7}},"9":{"start":{"line":17,"column":8},"end":{"line":17,"column":39}},"10":{"start":{"line":20,"column":6},"end":{"line":20,"column":43}},"11":{"start":{"line":22,"column":4},"end":{"line":22,"column":17}},"12":{"start":{"line":26,"column":4},"end":{"line":33,"column":5}},"13":{"start":{"line":27,"column":6},"end":{"line":27,"column":33}},"14":{"start":{"line":29,"column":17},"end":{"line":29,"column":56}},"15":{"start":{"line":30,"column":20},"end":{"line":30,"column":29}},"16":{"start":{"line":32,"column":6},"end":{"line":32,"column":32}},"17":{"start":{"line":35,"column":4},"end":{"line":35,"column":17}},"18":{"start":{"line":39,"column":20},"end":{"line":39,"column":37}},"19":{"start":{"line":41,"column":4},"end":{"line":51,"column":5}},"20":{"start":{"line":42,"column":6},"end":{"line":42,"column":31}},"21":{"start":{"line":43,"column":6},"end":{"line":43,"column":26}},"22":{"start":{"line":45,"column":17},"end":{"line":45,"column":48}},"23":{"start":{"line":46,"column":20},"end":{"line":46,"column":29}},"24":{"start":{"line":48,"column":6},"end":{"line":48,"column":29}},"25":{"start":{"line":50,"column":6},"end":{"line":50,"column":26}},"26":{"start":{"line":53,"column":4},"end":{"line":53,"column":17}},"27":{"start":{"line":57,"column":18},"end":{"line":57,"column":27}},"28":{"start":{"line":58,"column":16},"end":{"line":58,"column":17}},"29":{"start":{"line":60,"column":4},"end":{"line":67,"column":5}},"30":{"start":{"line":61,"column":6},"end":{"line":63,"column":7}},"31":{"start":{"line":62,"column":8},"end":{"line":62,"column":21}},"32":{"start":{"line":65,"column":6},"end":{"line":65,"column":14}},"33":{"start":{"line":66,"column":6},"end":{"line":66,"column":29}},"34":{"start":{"line":69,"column":4},"end":{"line":69,"column":14}},"35":{"start":{"line":73,"column":15},"end":{"line":73,"column":24}},"36":{"start":{"line":75,"column":4},"end":{"line":78,"column":5}},"37":{"start":{"line":75,"column":21},"end":{"line":75,"column":22}},"38":{"start":{"line":76,"column":6},"end":{"line":76,"column":52}},"39":{"start":{"line":77,"column":6},"end":{"line":77,"column":23}},"40":{"start":{"line":80,"column":4},"end":{"line":80,"column":16}},"41":{"start":{"line":84,"column":18},"end":{"line":84,"column":39}},"42":{"start":{"line":85,"column":4},"end":{"line":85,"column":32}},"43":{"start":{"line":89,"column":4},"end":{"line":89,"column":22}},"44":{"start":{"line":93,"column":4},"end":{"line":93,"column":21}},"45":{"start":{"line":97,"column":0},"end":{"line":97,"column":28}}},"fnMap":{"0":{"name":"(anonymous_0)","decl":{"start":{"line":5,"column":2},"end":{"line":5,"column":3}},"loc":{"start":{"line":5,"column":33},"end":{"line":9,"column":3}},"line":5},"1":{"name":"(anonymous_1)","decl":{"start":{"line":11,"column":2},"end":{"line":11,"column":3}},"loc":{"start":{"line":11,"column":16},"end":{"line":23,"column":3}},"line":11},"2":{"name":"(anonymous_2)","decl":{"start":{"line":25,"column":2},"end":{"line":25,"column":3}},"loc":{"start":{"line":25,"column":29},"end":{"line":36,"column":3}},"line":25},"3":{"name":"(anonymous_3)","decl":{"start":{"line":38,"column":2},"end":{"line":38,"column":3}},"loc":{"start":{"line":38,"column":30},"end":{"line":54,"column":3}},"line":38},"4":{"name":"(anonymous_4)","decl":{"start":{"line":56,"column":2},"end":{"line":56,"column":3}},"loc":{"start":{"line":56,"column":19},"end":{"line":70,"column":3}},"line":56},"5":{"name":"(anonymous_5)","decl":{"start":{"line":72,"column":2},"end":{"line":72,"column":3}},"loc":{"start":{"line":72,"column":26},"end":{"line":81,"column":3}},"line":72},"6":{"name":"(anonymous_6)","decl":{"start":{"line":83,"column":2},"end":{"line":83,"column":3}},"loc":{"start":{"line":83,"column":18},"end":{"line":86,"column":3}},"line":83},"7":{"name":"(anonymous_7)","decl":{"start":{"line":88,"column":2},"end":{"line":88,"column":3}},"loc":{"start":{"line":88,"column":9},"end":{"line":90,"column":3}},"line":88},"8":{"name":"(anonymous_8)","decl":{"start":{"line":92,"column":2},"end":{"line":92,"column":3}},"loc":{"start":{"line":92,"column":12},"end":{"line":94,"column":3}},"line":92}},"branchMap":{"0":{"loc":{"start":{"line":5,"column":14},"end":{"line":5,"column":31}},"type":"default-arg","locations":[{"start":{"line":5,"column":24},"end":{"line":5,"column":31}}],"line":5},"1":{"loc":{"start":{"line":12,"column":4},"end":{"line":21,"column":5}},"type":"if","locations":[{"start":{"line":12,"column":4},"end":{"line":21,"column":5}},{"start":{"line":14,"column":11},"end":{"line":21,"column":5}}],"line":12},"2":{"loc":{"start":{"line":26,"column":4},"end":{"line":33,"column":5}},"type":"if","locations":[{"start":{"line":26,"column":4},"end":{"line":33,"column":5}},{"start":{"line":28,"column":11},"end":{"line":33,"column":5}}],"line":26},"3":{"loc":{"start":{"line":41,"column":4},"end":{"line":51,"column":5}},"type":"if","locations":[{"start":{"line":41,"column":4},"end":{"line":51,"column":5}},{"start":{"line":44,"column":11},"end":{"line":51,"column":5}}],"line":41},"4":{"loc":{"start":{"line":61,"column":6},"end":{"line":63,"column":7}},"type":"if","locations":[{"start":{"line":61,"column":6},"end":{"line":63,"column":7}},{"start":{},"end":{}}],"line":61}},"s":{"0":1,"1":1,"2":1,"3":1,"4":1,"5":0,"6":0,"7":0,"8":0,"9":0,"10":0,"11":0,"12":0,"13":0,"14":0,"15":0,"16":0,"17":0,"18":0,"19":0,"20":0,"21":0,"22":0,"23":0,"24":0,"25":0,"26":0,"27":0,"28":0,"29":0,"30":0,"31":0,"32":0,"33":0,"34":0,"35":1,"36":1,"37":1,"38":3,"39":3,"40":1,"41":0,"42":0,"43":1,"44":0,"45":1},"f":{"0":1,"1":0,"2":0,"3":0,"4":0,"5":1,"6":0,"7":1,"8":0},"b":{"0":[1],"1":[0,0],"2":[0,0],"3":[0,0],"4":[0,0]},"_coverageSchema":"1a1c01bbd47fc00a2c39e90264f33305004495a9","hash":"41dc6e04c7a06febb8ef86561e9cce480e970171"}
,"/Volumes/ssd-mac/dev/algoritimos-estrutura/src/data-structure/js/linkedlist/circular-linkedlist/circular-linkedlist.js": {"path":"/Volumes/ssd-mac/dev/algoritimos-estrutura/src/data-structure/js/linkedlist/circular-linkedlist/circular-linkedlist.js","statementMap":{"0":{"start":{"line":1,"column":19},"end":{"line":1,"column":43}},"1":{"start":{"line":2,"column":13},"end":{"line":2,"column":37}},"2":{"start":{"line":6,"column":17},"end":{"line":6,"column":34}},"3":{"start":{"line":7,"column":18},"end":{"line":7,"column":27}},"4":{"start":{"line":9,"column":4},"end":{"line":21,"column":5}},"5":{"start":{"line":10,"column":6},"end":{"line":18,"column":7}},"6":{"start":{"line":11,"column":8},"end":{"line":17,"column":9}},"7":{"start":{"line":12,"column":10},"end":{"line":12,"column":27}},"8":{"start":{"line":13,"column":10},"end":{"line":13,"column":32}},"9":{"start":{"line":15,"column":10},"end":{"line":15,"column":30}},"10":{"start":{"line":16,"column":10},"end":{"line":16,"column":54}},"11":{"start":{"line":20,"column":6},"end":{"line":20,"column":19}},"12":{"start":{"line":27,"column":0},"end":{"line":27,"column":36}}},"fnMap":{"0":{"name":"(anonymous_0)","decl":{"start":{"line":5,"column":2},"end":{"line":5,"column":3}},"loc":{"start":{"line":5,"column":25},"end":{"line":22,"column":3}},"line":5}},"branchMap":{"0":{"loc":{"start":{"line":9,"column":4},"end":{"line":21,"column":5}},"type":"if","locations":[{"start":{"line":9,"column":4},"end":{"line":21,"column":5}},{"start":{},"end":{}}],"line":9},"1":{"loc":{"start":{"line":10,"column":6},"end":{"line":18,"column":7}},"type":"if","locations":[{"start":{"line":10,"column":6},"end":{"line":18,"column":7}},{"start":{},"end":{}}],"line":10},"2":{"loc":{"start":{"line":11,"column":8},"end":{"line":17,"column":9}},"type":"if","locations":[{"start":{"line":11,"column":8},"end":{"line":17,"column":9}},{"start":{"line":14,"column":15},"end":{"line":17,"column":9}}],"line":11}},"s":{"0":1,"1":1,"2":4,"3":4,"4":4,"5":4,"6":2,"7":1,"8":1,"9":1,"10":1,"11":4,"12":1},"f":{"0":4},"b":{"0":[4,0],"1":[2,2],"2":[1,1]},"_coverageSchema":"1a1c01bbd47fc00a2c39e90264f33305004495a9","hash":"dd35158d80297c548a826fdee8bfab9fda591d1e"}
,"/Volumes/ssd-mac/dev/algoritimos-estrutura/src/data-structure/js/linkedlist/model/node.js": {"path":"/Volumes/ssd-mac/dev/algoritimos-estrutura/src/data-structure/js/linkedlist/model/node.js","statementMap":{"0":{"start":{"line":3,"column":4},"end":{"line":3,"column":27}},"1":{"start":{"line":4,"column":4},"end":{"line":4,"column":26}},"2":{"start":{"line":8,"column":0},"end":{"line":8,"column":22}}},"fnMap":{"0":{"name":"(anonymous_0)","decl":{"start":{"line":2,"column":2},"end":{"line":2,"column":3}},"loc":{"start":{"line":2,"column":23},"end":{"line":5,"column":3}},"line":2}},"branchMap":{},"s":{"0":4,"1":4,"2":1},"f":{"0":4},"b":{},"_coverageSchema":"1a1c01bbd47fc00a2c39e90264f33305004495a9","hash":"7b367d109c9c4739e2ee5be59a2806ce8e754544"}
,"/Volumes/ssd-mac/dev/algoritimos-estrutura/src/data-structure/js/utils/isEqual.js": {"path":"/Volumes/ssd-mac/dev/algoritimos-estrutura/src/data-structure/js/utils/isEqual.js","statementMap":{"0":{"start":{"line":2,"column":2},"end":{"line":2,"column":17}},"1":{"start":{"line":5,"column":0},"end":{"line":5,"column":25}}},"fnMap":{"0":{"name":"isEqual","decl":{"start":{"line":1,"column":9},"end":{"line":1,"column":16}},"loc":{"start":{"line":1,"column":23},"end":{"line":3,"column":1}},"line":1}},"branchMap":{},"s":{"0":0,"1":1},"f":{"0":0},"b":{},"_coverageSchema":"1a1c01bbd47fc00a2c39e90264f33305004495a9","hash":"934708af53a24675d93fec584fac121bc061ba7b"}
}
