{"/Volumes/ssd-mac/dev/algoritimos-estrutura/src/data-structure/js/queue/queue.js": {"path":"/Volumes/ssd-mac/dev/algoritimos-estrutura/src/data-structure/js/queue/queue.js","statementMap":{"0":{"start":{"line":3,"column":4},"end":{"line":3,"column":20}},"1":{"start":{"line":4,"column":4},"end":{"line":4,"column":19}},"2":{"start":{"line":5,"column":4},"end":{"line":5,"column":25}},"3":{"start":{"line":9,"column":4},"end":{"line":9,"column":37}},"4":{"start":{"line":10,"column":4},"end":{"line":10,"column":17}},"5":{"start":{"line":14,"column":19},"end":{"line":14,"column":47}},"6":{"start":{"line":15,"column":4},"end":{"line":15,"column":40}},"7":{"start":{"line":17,"column":4},"end":{"line":17,"column":23}},"8":{"start":{"line":19,"column":4},"end":{"line":19,"column":18}},"9":{"start":{"line":23,"column":4},"end":{"line":23,"column":40}},"10":{"start":{"line":27,"column":4},"end":{"line":27,"column":47}},"11":{"start":{"line":31,"column":4},"end":{"line":31,"column":19}},"12":{"start":{"line":32,"column":4},"end":{"line":32,"column":25}},"13":{"start":{"line":33,"column":4},"end":{"line":33,"column":20}},"14":{"start":{"line":37,"column":0},"end":{"line":37,"column":23}}},"fnMap":{"0":{"name":"(anonymous_0)","decl":{"start":{"line":2,"column":2},"end":{"line":2,"column":3}},"loc":{"start":{"line":2,"column":16},"end":{"line":6,"column":3}},"line":2},"1":{"name":"(anonymous_1)","decl":{"start":{"line":8,"column":2},"end":{"line":8,"column":3}},"loc":{"start":{"line":8,"column":19},"end":{"line":11,"column":3}},"line":8},"2":{"name":"(anonymous_2)","decl":{"start":{"line":13,"column":2},"end":{"line":13,"column":3}},"loc":{"start":{"line":13,"column":12},"end":{"line":20,"column":3}},"line":13},"3":{"name":"(anonymous_3)","decl":{"start":{"line":22,"column":2},"end":{"line":22,"column":3}},"loc":{"start":{"line":22,"column":9},"end":{"line":24,"column":3}},"line":22},"4":{"name":"(anonymous_4)","decl":{"start":{"line":26,"column":2},"end":{"line":26,"column":3}},"loc":{"start":{"line":26,"column":12},"end":{"line":28,"column":3}},"line":26},"5":{"name":"(anonymous_5)","decl":{"start":{"line":30,"column":2},"end":{"line":30,"column":3}},"loc":{"start":{"line":30,"column":10},"end":{"line":34,"column":3}},"line":30}},"branchMap":{},"s":{"0":4,"1":4,"2":4,"3":4,"4":4,"5":3,"6":3,"7":3,"8":3,"9":0,"10":0,"11":0,"12":0,"13":0,"14":1},"f":{"0":4,"1":4,"2":3,"3":0,"4":0,"5":0},"b":{},"_coverageSchema":"1a1c01bbd47fc00a2c39e90264f33305004495a9","hash":"d0d791a6133099e47d13461a6a84dcaea7f40c9b"}
,"/Volumes/ssd-mac/dev/algoritimos-estrutura/src/data-structure/js/queue/playground/music.queue.js": {"path":"/Volumes/ssd-mac/dev/algoritimos-estrutura/src/data-structure/js/queue/playground/music.queue.js","statementMap":{"0":{"start":{"line":1,"column":14},"end":{"line":1,"column":33}},"1":{"start":{"line":2,"column":15},"end":{"line":2,"column":38}},"2":{"start":{"line":6,"column":25},"end":{"line":6,"column":39}},"3":{"start":{"line":8,"column":4},"end":{"line":8,"column":37}},"4":{"start":{"line":8,"column":30},"end":{"line":8,"column":37}},"5":{"start":{"line":10,"column":4},"end":{"line":10,"column":59}},"6":{"start":{"line":11,"column":25},"end":{"line":11,"column":52}},"7":{"start":{"line":12,"column":4},"end":{"line":12,"column":56}},"8":{"start":{"line":14,"column":4},"end":{"line":17,"column":26}},"9":{"start":{"line":15,"column":6},"end":{"line":15,"column":35}},"10":{"start":{"line":16,"column":6},"end":{"line":16,"column":26}},"11":{"start":{"line":21,"column":4},"end":{"line":26,"column":5}},"12":{"start":{"line":22,"column":6},"end":{"line":22,"column":26}},"13":{"start":{"line":23,"column":6},"end":{"line":23,"column":36}},"14":{"start":{"line":25,"column":6},"end":{"line":25,"column":60}},"15":{"start":{"line":30,"column":25},"end":{"line":34,"column":6}},"16":{"start":{"line":31,"column":6},"end":{"line":33,"column":7}},"17":{"start":{"line":32,"column":8},"end":{"line":32,"column":53}},"18":{"start":{"line":36,"column":4},"end":{"line":36,"column":24}},"19":{"start":{"line":40,"column":0},"end":{"line":40,"column":28}}},"fnMap":{"0":{"name":"(anonymous_0)","decl":{"start":{"line":5,"column":2},"end":{"line":5,"column":3}},"loc":{"start":{"line":5,"column":17},"end":{"line":18,"column":3}},"line":5},"1":{"name":"(anonymous_1)","decl":{"start":{"line":14,"column":15},"end":{"line":14,"column":16}},"loc":{"start":{"line":14,"column":21},"end":{"line":17,"column":5}},"line":14},"2":{"name":"(anonymous_2)","decl":{"start":{"line":20,"column":2},"end":{"line":20,"column":3}},"loc":{"start":{"line":20,"column":26},"end":{"line":27,"column":3}},"line":20},"3":{"name":"(anonymous_3)","decl":{"start":{"line":29,"column":2},"end":{"line":29,"column":3}},"loc":{"start":{"line":29,"column":22},"end":{"line":37,"column":3}},"line":29},"4":{"name":"(anonymous_4)","decl":{"start":{"line":30,"column":44},"end":{"line":30,"column":45}},"loc":{"start":{"line":30,"column":53},"end":{"line":34,"column":5}},"line":30}},"branchMap":{"0":{"loc":{"start":{"line":8,"column":4},"end":{"line":8,"column":37}},"type":"if","locations":[{"start":{"line":8,"column":4},"end":{"line":8,"column":37}},{"start":{},"end":{}}],"line":8},"1":{"loc":{"start":{"line":21,"column":4},"end":{"line":26,"column":5}},"type":"if","locations":[{"start":{"line":21,"column":4},"end":{"line":26,"column":5}},{"start":{"line":24,"column":11},"end":{"line":26,"column":5}}],"line":21},"2":{"loc":{"start":{"line":31,"column":6},"end":{"line":33,"column":7}},"type":"if","locations":[{"start":{"line":31,"column":6},"end":{"line":33,"column":7}},{"start":{},"end":{}}],"line":31}},"s":{"0":1,"1":1,"2":3,"3":3,"4":1,"5":2,"6":2,"7":2,"8":2,"9":0,"10":0,"11":1,"12":1,"13":1,"14":0,"15":2,"16":0,"17":0,"18":2,"19":1},"f":{"0":3,"1":0,"2":1,"3":2,"4":0},"b":{"0":[1,2],"1":[1,0],"2":[0,0]},"_coverageSchema":"1a1c01bbd47fc00a2c39e90264f33305004495a9","hash":"cc4019f2019147b7f4fcd523f13dc358bc7cc92e"}
}
