TN:
SF:src/data-structure/js/stack/stack.js
FN:2,(anonymous_0)
FN:7,(anonymous_1)
FN:15,(anonymous_2)
FN:26,(anonymous_3)
FN:30,(anonymous_4)
FN:34,(anonymous_5)
FN:42,(anonymous_6)
FNF:7
FNH:4
FNDA:2,(anonymous_0)
FNDA:8,(anonymous_1)
FNDA:4,(anonymous_2)
FNDA:10,(anonymous_3)
FNDA:0,(anonymous_4)
FNDA:0,(anonymous_5)
FNDA:0,(anonymous_6)
DA:3,2
DA:4,2
DA:8,8
DA:10,4
DA:11,4
DA:12,4
DA:16,4
DA:17,0
DA:20,4
DA:21,4
DA:22,4
DA:23,4
DA:27,10
DA:31,0
DA:35,0
DA:36,0
DA:39,0
DA:43,0
DA:44,0
DA:48,1
LF:20
LH:13
BRDA:8,0,0,4
BRDA:8,0,1,4
BRDA:16,1,0,0
BRDA:16,1,1,4
BRDA:35,2,0,0
BRDA:35,2,1,0
BRF:6
BRH:3
end_of_record
TN:
SF:src/data-structure/js/stack/playground/decimal-to-binary.js
FN:3,decimalToBinary
FNF:1
FNH:1
FNDA:2,decimalToBinary
DA:1,1
DA:4,2
DA:5,2
DA:6,2
DA:8,2
DA:9,8
DA:10,8
DA:11,8
DA:14,2
DA:15,4
DA:16,4
DA:17,4
DA:20,2
DA:23,1
DA:25,1
LF:15
LH:15
BRF:0
BRH:0
end_of_record
